
cuda is not avaiable.


============= Running time: 0th =============
Creating server and clients ...

Join ratio / total clients: 1.0 / 20
Finished creating server and clients.

-------------Round number: 0-------------

Evaluate global model
Client 0: Acc: 0.15846153846153846, AUC: 0.589295332018409
Client 1: Acc: 0.10833333333333334, AUC: 0.6530092592592592
Client 2: Acc: 0.2, AUC: 0.7413680555555556
Client 3: Acc: 0.0015873015873015873, AUC: 0.3056059460821366
Client 4: Acc: 0.04375, AUC: 0.5095329378858025
Client 5: Acc: 0.0006493506493506494, AUC: 0.15531076066790353
Client 6: Acc: 0.016129032258064516, AUC: 0.38075846918718925
Client 7: Acc: 0.16774193548387098, AUC: 0.7598231009365245
Client 8: Acc: 0.0011111111111111111, AUC: 0.3632620027434842
Client 9: Acc: 0.036, AUC: 0.427609
Client 10: Acc: 0.0012987012987012987, AUC: 0.29874880530724685
Client 11: Acc: 0.007446808510638298, AUC: 0.24228610230873698
Client 12: Acc: 0.008888888888888889, AUC: 0.46413827160493826
Client 13: Acc: 0.013207547169811321, AUC: 0.4532132827024247
Client 14: Acc: 0.044755244755244755, AUC: 0.5090844974761058
Client 15: Acc: 0.17279411764705882, AUC: 0.5607803789407919
Client 16: Acc: 0.0, AUC: 0.04030418381344307
Client 17: Acc: 0.13687943262411348, AUC: 0.5643337021947252
Client 18: Acc: 0.14732824427480917, AUC: 0.676279645708292
Client 19: Acc: 0.0013157894736842105, AUC: 0.42504996729763006
Client 0: Train loss: 2.2913789930682498
Client 1: Train loss: 2.2866643699439795
Client 2: Train loss: 2.2726217293348467
Client 3: Train loss: 2.3276189816625497
Client 4: Train loss: 2.305898291247708
Client 5: Train loss: 2.3467189299649207
Client 6: Train loss: 2.3155328060718294
Client 7: Train loss: 2.269505033994976
Client 8: Train loss: 2.3169195572535197
Client 9: Train loss: 2.314251038233439
Client 10: Train loss: 2.3321260055247293
Client 11: Train loss: 2.337363375839612
Client 12: Train loss: 2.306283224070514
Client 13: Train loss: 2.310138911008835
Client 14: Train loss: 2.301900918667133
Client 15: Train loss: 2.2958891491095224
Client 16: Train loss: 2.3713664570275474
Client 17: Train loss: 2.29467724119236
Client 18: Train loss: 2.284115282412108
Client 19: Train loss: 2.3115639681367437
Averaged Train Loss: 2.3127
Averaged Test Accurancy: 0.0588
Averaged Test AUC: 0.4315
Std Test Accurancy: 0.0710
Std Test AUC: 0.1843
-------------------------------------------------- 27.406628608703613
Client: 0 	Std: 0.04805860263905167 	ALA epochs: 11
[1.8755998611450195, 1.7696491479873657, 1.7176930904388428, 1.6865184307098389, 1.665187120437622, 1.6500831842422485, 1.638843297958374, 1.6300795078277588, 1.622967004776001, 1.6168779134750366, 1.6115083694458008]
Client: 1 	Std: 0.09210043797257739 	ALA epochs: 12
[2.2276229858398438, 2.0508716106414795, 1.9434760808944702, 1.8805639743804932, 1.8330856561660767, 1.7907794713974, 1.7565704584121704, 1.7286126613616943, 1.7050590515136719, 1.6843998432159424, 1.666513442993164, 1.6503565311431885]
Client: 2 	Std: 0.06160636473197709 	ALA epochs: 11
[1.522013545036316, 1.4060417413711548, 1.3571088314056396, 1.3244266510009766, 1.2983369827270508, 1.2764852046966553, 1.2582560777664185, 1.242709755897522, 1.2291330099105835, 1.2170560359954834, 1.2064361572265625]
Client: 3 	Std: 0.04726530329804208 	ALA epochs: 11
[0.9776570200920105, 0.8699427843093872, 0.8242062330245972, 0.7957872152328491, 0.7760437726974487, 0.7602640986442566, 0.7480702996253967, 0.7376770973205566, 0.7287912964820862, 0.7212104201316833, 0.7146161794662476]
Client: 4 	Std: 0.07050918273079163 	ALA epochs: 11
[1.8163979053497314, 1.6988270282745361, 1.6387256383895874, 1.5978790521621704, 1.566758155822754, 1.5427422523498535, 1.5233235359191895, 1.5066639184951782, 1.4924304485321045, 1.4803736209869385, 1.4703216552734375]
Client: 5 	Std: 0.03027481569537955 	ALA epochs: 11
[0.9804278612136841, 0.9211071729660034, 0.8916574716567993, 0.8731662034988403, 0.8601325154304504, 0.8499194979667664, 0.8420068621635437, 0.835657000541687, 0.8303565979003906, 0.8259304165840149, 0.8222173452377319]
Client: 6 	Std: 0.08118744641560603 	ALA epochs: 11
[1.644989013671875, 1.4793636798858643, 1.4022910594940186, 1.3499329090118408, 1.313387155532837, 1.2864480018615723, 1.2660623788833618, 1.2503515481948853, 1.2364375591278076, 1.2250372171401978, 1.2151097059249878]
Client: 7 	Std: 0.08058102780300766 	ALA epochs: 11
[1.7872387170791626, 1.621469259262085, 1.5396277904510498, 1.4924004077911377, 1.4573899507522583, 1.4309582710266113, 1.4099228382110596, 1.3929637670516968, 1.3787815570831299, 1.3667423725128174, 1.356720209121704]
Client: 8 	Std: 0.026020476799587213 	ALA epochs: 11
[0.5583754181861877, 0.4942811131477356, 0.4704158306121826, 0.4562446177005768, 0.445828914642334, 0.43681153655052185, 0.4293357729911804, 0.42311519384384155, 0.41779962182044983, 0.41302061080932617, 0.4088009297847748]
Client: 9 	Std: 0.036023764489757915 	ALA epochs: 11
[1.3707534074783325, 1.2786972522735596, 1.238112449645996, 1.2158809900283813, 1.201357126235962, 1.1904609203338623, 1.181435227394104, 1.1740193367004395, 1.1679941415786743, 1.1629884243011475, 1.1592414379119873]
Client: 10 	Std: 0.03624609992744941 	ALA epochs: 11
[1.458769679069519, 1.3482916355133057, 1.3020539283752441, 1.276534914970398, 1.2629177570343018, 1.2530899047851562, 1.2457393407821655, 1.2399239540100098, 1.2346447706222534, 1.2301304340362549, 1.2262226343154907]
Client: 11 	Std: 0.05234824200110633 	ALA epochs: 11
[1.4578156471252441, 1.3556947708129883, 1.3016018867492676, 1.2674639225006104, 1.2435948848724365, 1.2266188859939575, 1.214137315750122, 1.2044544219970703, 1.196783423423767, 1.1903294324874878, 1.1849498748779297]
Client: 12 	Std: 0.034370701859233896 	ALA epochs: 11
[0.6922062635421753, 0.6062787175178528, 0.5730133056640625, 0.5536662340164185, 0.5387046933174133, 0.5269396901130676, 0.5174137353897095, 0.5100679397583008, 0.5038271546363831, 0.4984951913356781, 0.49373188614845276]
Client: 13 	Std: 0.059604404351904686 	ALA epochs: 11
[1.7691409587860107, 1.6292812824249268, 1.5716248750686646, 1.53631591796875, 1.510054349899292, 1.4896700382232666, 1.4738627672195435, 1.4610916376113892, 1.450741171836853, 1.4422551393508911, 1.435204029083252]
Traceback (most recent call last):
  File "D:\Python\PycharmProjects\PFL-Non-IID-master\FedALA-main\FedALA-main\system\main.py", line 115, in <module>
    run(args)
  File "D:\Python\PycharmProjects\PFL-Non-IID-master\FedALA-main\FedALA-main\system\main.py", line 60, in run
    server.train()
  File "D:\Python\PycharmProjects\PFL-Non-IID-master\FedALA-main\FedALA-main\system\flcore\servers\serverALA.py", line 47, in train
    self.send_models()
  File "D:\Python\PycharmProjects\PFL-Non-IID-master\FedALA-main\FedALA-main\system\flcore\servers\serverALA.py", line 96, in send_models
    client.local_initialization(self.global_model)
  File "D:\Python\PycharmProjects\PFL-Non-IID-master\FedALA-main\FedALA-main\system\flcore\clients\clientALA.py", line 59, in local_initialization
    self.ALA.adaptive_local_aggregation(received_global_model, self.model)
  File "D:\Python\PycharmProjects\PFL-Non-IID-master\FedALA-main\FedALA-main\system\utils\ALA.py", line 152, in adaptive_local_aggregation
    loss_value.backward()# ·´Ïò´«²¥
  File "D:\Python\Python39\lib\site-packages\torch\_tensor.py", line 487, in backward
    torch.autograd.backward(
  File "D:\Python\Python39\lib\site-packages\torch\autograd\__init__.py", line 200, in backward
    Variable._execution_engine.run_backward(  # Calls into the C++ engine to run the backward pass
KeyboardInterrupt
^C